Added Component: Designator=Cout(1206)
Add component. Clean all parameters for all variants
Add component (AddParameter): Name = "LatestRevisionDate"; Value = "17-Jul-2002"; VariantName = "[No Variations]"
Add component (AddParameter): Name = "LatestRevisionNote"; Value = "Re-released for DXP Platform."; VariantName = "[No Variations]"
Add component (AddParameter): Name = "PackageDescription"; Value = "Radial Cap, Thru-Hole; 2 Leads; 0.3 in Pin Spacing"; VariantName = "[No Variations]"
Add component (AddParameter): Name = "PackageReference"; Value = "RAD-0.3"; VariantName = "[No Variations]"
Add component (AddParameter): Name = "Published"; Value = "8-Jun-2000"; VariantName = "[No Variations]"
Add component (AddParameter): Name = "Publisher"; Value = "Altium Limited"; VariantName = "[No Variations]"
Add component (AddParameter): Name = "Value"; Value = "47.0µF"; VariantName = "[No Variations]"
Added Component: Designator=P1(HDR2X5_CEN)
Add component. Clean all parameters for all variants
Add component (AddParameter): Name = "LatestRevisionDate"; Value = "17-Jul-2002"; VariantName = "[No Variations]"
Add component (AddParameter): Name = "LatestRevisionNote"; Value = "Re-released for DXP Platform."; VariantName = "[No Variations]"
Add component (AddParameter): Name = "Publisher"; Value = "Altium Limited"; VariantName = "[No Variations]"
Added Component: Designator=P2(HDR2X2)
Add component. Clean all parameters for all variants
Add component (AddParameter): Name = "LatestRevisionDate"; Value = "17-Jul-2002"; VariantName = "[No Variations]"
Add component (AddParameter): Name = "LatestRevisionNote"; Value = "Re-released for DXP Platform."; VariantName = "[No Variations]"
Add component (AddParameter): Name = "Publisher"; Value = "Altium Limited"; VariantName = "[No Variations]"
Added Component: Designator=P3(HDR2X2)
Add component. Clean all parameters for all variants
Add component (AddParameter): Name = "LatestRevisionDate"; Value = "17-Jul-2002"; VariantName = "[No Variations]"
Add component (AddParameter): Name = "LatestRevisionNote"; Value = "Re-released for DXP Platform."; VariantName = "[No Variations]"
Add component (AddParameter): Name = "Publisher"; Value = "Altium Limited"; VariantName = "[No Variations]"
Added Pin To Net: NetName=D1 Pin=P1-1
Added Net: Name=D1
Added Pin To Net: NetName=D2 Pin=Cout-1
Added Pin To Net: NetName=D2 Pin=P1-2
Added Pin To Net: NetName=D2 Pin=P1-6
Added Pin To Net: NetName=D2 Pin=P1-7
Added Pin To Net: NetName=D2 Pin=P2-3
Added Pin To Net: NetName=D2 Pin=P2-4
Added Pin To Net: NetName=D2 Pin=P3-3
Added Pin To Net: NetName=D2 Pin=P3-4
Added Net: Name=D2
Added Pin To Net: NetName=D3 Pin=P1-3
Added Net: Name=D3
Added Pin To Net: NetName=D4 Pin=P1-4
Added Pin To Net: NetName=D4 Pin=P2-1
Added Pin To Net: NetName=D4 Pin=P2-2
Added Pin To Net: NetName=D4 Pin=P3-1
Added Pin To Net: NetName=D4 Pin=P3-2
Added Net: Name=D4
Added Pin To Net: NetName=D7 Pin=P1-8
Added Net: Name=D7
Added Pin To Net: NetName=D8 Pin=Cout-2
Added Pin To Net: NetName=D8 Pin=P1-9
Added Net: Name=D8
Added Pin To Net: NetName=Iout Pin=P1-10
Added Net: Name=Iout
Added Net: Name=NetC28_2
Added Pin To Net: NetName=Vout Pin=P1-5
Added Net: Name=Vout
Added Class: Name=buckboost
Added Room: Name=buckboost
