PCAD Importer Log
Project : INA214BIDCKR.LibPkg

Section : C:\Users\aumitche\Documents\GitHub\breakout\Boost\INA214\INA214BIDCKR.lia
    Section : PCB Library - INA214BIDCKR.PcbLib
        Section : Load Messages
            Warning - 1 : Skipping Token INA214BIDCKR On Line 138
            Warning - 1 : Skipping Token attachedSymbol On Line 225
        EndSection

        Section : Import Messages
        EndSection
    EndSection

    Section : SCH Library - INA214BIDCKR.SchLib
        Section : Parsing Messages
            Warning - 1 : Skipping Token padStyleDef On Line 9
            Warning - 1 : Skipping Token multiLayer On Line 84
            Warning - 1 : Skipping Token layerContents On Line 92
            Warning - 1 : Skipping Token layerContents On Line 133
        EndSection

        Section : Generating SCH Library - INA214BIDCKR.SchLib
        EndSection
    EndSection
EndSection
